<?xml version="1.0" encoding="UTF-8"?>
<testsuite name="com.kinandcarta.ecommerce.ProductsWebIntegrationTests" tests="2" skipped="0" failures="0" errors="0" timestamp="2023-08-31T19:02:58" hostname="2NF0VT3" time="0.234">
  <properties/>
  <testcase name="shouldUpdateAProduct()" classname="com.kinandcarta.ecommerce.ProductsWebIntegrationTests" time="0.208"/>
  <testcase name="shouldCreateANewProduct()" classname="com.kinandcarta.ecommerce.ProductsWebIntegrationTests" time="0.023"/>
  <system-out><![CDATA[14:02:55.733 [Test worker] INFO org.springframework.test.context.support.AnnotationConfigContextLoaderUtils -- Could not detect default configuration classes for test class [com.kinandcarta.ecommerce.ProductsWebIntegrationTests]: ProductsWebIntegrationTests does not declare any static, non-private, non-final, nested classes annotated with @Configuration.
14:02:55.896 [Test worker] INFO org.springframework.boot.test.context.SpringBootTestContextBootstrapper -- Found @SpringBootConfiguration com.kinandcarta.ecommerce.ProductsApplication for test class com.kinandcarta.ecommerce.ProductsWebIntegrationTests

  .   ____          _            __ _ _
 /\\ / ___'_ __ _ _(_)_ __  __ _ \ \ \ \
( ( )\___ | '_ | '_| | '_ \/ _` | \ \ \ \
 \\/  ___)| |_)| | | | | || (_| |  ) ) ) )
  '  |____| .__|_| |_|_| |_\__, | / / / /
 =========|_|==============|___/=/_/_/_/
 :: Spring Boot ::                (v3.1.3)

2023-08-31T14:02:56.771-05:00  INFO 26816 --- [    Test worker] c.k.e.ProductsWebIntegrationTests        : Starting ProductsWebIntegrationTests using Java 17.0.8 with PID 26816 (started by DavidKing in C:\Users\DavidKing\Desktop\GitHub_Projects\products-service)
2023-08-31T14:02:56.773-05:00  INFO 26816 --- [    Test worker] c.k.e.ProductsWebIntegrationTests        : No active profile set, falling back to 1 default profile: "default"
2023-08-31T14:02:58.059-05:00  INFO 26816 --- [    Test worker] o.s.b.t.m.w.SpringBootMockServletContext : Initializing Spring TestDispatcherServlet ''
2023-08-31T14:02:58.060-05:00  INFO 26816 --- [    Test worker] o.s.t.web.servlet.TestDispatcherServlet  : Initializing Servlet ''
2023-08-31T14:02:58.063-05:00  INFO 26816 --- [    Test worker] o.s.t.web.servlet.TestDispatcherServlet  : Completed initialization in 1 ms
2023-08-31T14:02:58.097-05:00  INFO 26816 --- [    Test worker] c.k.e.ProductsWebIntegrationTests        : Started ProductsWebIntegrationTests in 1.976 seconds (process running for 4.785)

MockHttpServletRequest:
      HTTP Method = PUT
      Request URI = /products/1
       Parameters = {}
          Headers = [Content-Type:"application/json;charset=UTF-8", Accept:"application/json", Content-Length:"185"]
             Body = {"id":1,"name":"Product Number Four","productDescription":"This is product four","image":"gs://bucket-cloud/widget-4.png","unitPrice":123.49,"createDateTime":null,"updateDateTime":null}
    Session Attrs = {}

Handler:
             Type = com.kinandcarta.ecommerce.ProductsController
           Method = com.kinandcarta.ecommerce.ProductsController#update(Long, Products)

Async:
    Async started = false
     Async result = null

Resolved Exception:
             Type = null

ModelAndView:
        View name = null
             View = null
            Model = null

FlashMap:
       Attributes = null

MockHttpServletResponse:
           Status = 200
    Error message = null
          Headers = [Content-Type:"application/json"]
     Content type = application/json
             Body = {"id":1,"name":"Product Number Four","productDescription":"This is product four","image":"gs://bucket-cloud/widget-4.png","unitPrice":123.49,"createDateTime":null,"updateDateTime":null}
    Forwarded URL = null
   Redirected URL = null
          Cookies = []

MockHttpServletRequest:
      HTTP Method = POST
      Request URI = /products
       Parameters = {}
          Headers = [Content-Type:"application/json;charset=UTF-8", Accept:"application/json", Content-Length:"235"]
             Body = {"id":1,"name":"Product Widget 1II","productDescription":"Relax in style with a custom lounge chair widget, VERSION 2...","image":"gs://bucket-cloud/widget-2-newimproved.png","unitPrice":120,"createDateTime":null,"updateDateTime":null}
    Session Attrs = {}

Handler:
             Type = com.kinandcarta.ecommerce.ProductsController
           Method = com.kinandcarta.ecommerce.ProductsController#create(Products)

Async:
    Async started = false
     Async result = null

Resolved Exception:
             Type = null

ModelAndView:
        View name = null
             View = null
            Model = null

FlashMap:
       Attributes = null

MockHttpServletResponse:
           Status = 200
    Error message = null
          Headers = []
     Content type = null
             Body = 
    Forwarded URL = null
   Redirected URL = null
          Cookies = []
]]></system-out>
  <system-err><![CDATA[]]></system-err>
</testsuite>
