<?xml version="1.0" encoding="UTF-8"?>
<testsuite name="com.kinandcarta.ecommerce.ProductsHandlerTest" tests="4" skipped="0" failures="0" errors="0" timestamp="2023-08-31T19:02:55" hostname="2NF0VT3" time="0.127">
  <properties/>
  <testcase name="shouldDeleteProduct()" classname="com.kinandcarta.ecommerce.ProductsHandlerTest" time="0.105"/>
  <testcase name="shouldCreate_find_andUpdateProduct()" classname="com.kinandcarta.ecommerce.ProductsHandlerTest" time="0.004"/>
  <testcase name="shouldFindOrder_byId()" classname="com.kinandcarta.ecommerce.ProductsHandlerTest" time="0.004"/>
  <testcase name="shouldFindAll_Products()" classname="com.kinandcarta.ecommerce.ProductsHandlerTest" time="0.009"/>
  <system-out><![CDATA[]]></system-out>
  <system-err><![CDATA[]]></system-err>
</testsuite>
